<?xml version="1.0" encoding="UTF-8"?>
<testsuite name="Regristro en la aplicación" tests="1" skipped="0" failures="0" errors="0" timestamp="2022-04-02T01:15:12" hostname="DESKTOP-619IS6N" time="54.538">
  <properties/>
  <testcase name="Registro en la la aplicación" classname="Regristro en la aplicación" time="54.538"/>
  <system-out><![CDATA[no se registro
]]></system-out>
  <system-err><![CDATA[[Test worker] WARN net.thucydides.core.steps.BaseStepListener - stepStarted: net.thucydides.core.steps.ExecutedStepDescription@22e4cd30
[Test worker] WARN net.thucydides.core.steps.BaseStepListener - stepStarted: net.thucydides.core.steps.ExecutedStepDescription@2d4e5ca0
[Test worker] WARN net.thucydides.core.steps.BaseStepListener - stepStarted: net.thucydides.core.steps.ExecutedStepDescription@6fdfd36f
abr. 01, 2022 8:15:14 P. M. org.openqa.selenium.remote.DesiredCapabilities chrome
INFORMACIÓN: Using `new ChromeOptions()` is preferred to `DesiredCapabilities.chrome()`
[Test worker] INFO net.serenitybdd.core.webdriver.driverproviders.ProvideNewDriver - Instantiating driver
[Test worker] INFO net.serenitybdd.core.webdriver.driverproviders.ProvideNewDriver - Driver capabilities: Capabilities {acceptInsecureCerts: false, browserName: chrome, chrome.switches: --start-maximized, goog:chromeOptions: {args: [--start-maximized], extensions: []}, loggingPrefs: org.openqa.selenium.logging..., platform: ANY, version: }
Starting ChromeDriver 98.0.4758.102 (273bf7ac8c909cde36982d27f66f3c70846a3718-refs/branch-heads/4758@{#1151}) on port 8115
Only local connections are allowed.
Please see https://chromedriver.chromium.org/security-considerations for suggestions on keeping ChromeDriver safe.
ChromeDriver was started successfully.
[1648862123.970][WARNING]: This version of ChromeDriver has not been tested with Chrome version 99.
abr. 01, 2022 8:15:26 P. M. org.openqa.selenium.remote.ProtocolHandshake createSession
INFORMACIÓN: Detected dialect: W3C
[Test worker] WARN net.thucydides.core.steps.BaseStepListener - stepFinished: current outcome:Registro en la la aplicación:Example: {strFirstName=Lucero, strLastName=Gomez, strAddress=San Pablo, strPhone=3124567890, strSkills=C, strYearBirth=1994, strMonthBirth=April, srtDayBirth=23, strPassword=lu123456, strConfirmPassword=lu123456} [Given que Lucero quiere ingresar a la pagina Automatizacion Demo site [Lucero open up [Lucero opens the Test page]]]
[Test worker] WARN net.thucydides.core.steps.BaseStepListener - stepFinished: current outcome:Registro en la la aplicación:Example: {strFirstName=Lucero, strLastName=Gomez, strAddress=San Pablo, strPhone=3124567890, strSkills=C, strYearBirth=1994, strMonthBirth=April, srtDayBirth=23, strPassword=lu123456, strConfirmPassword=lu123456} [Given que Lucero quiere ingresar a la pagina Automatizacion Demo site [Lucero open up [Lucero opens the Test page]]]
[Test worker] WARN net.thucydides.core.steps.BaseStepListener - stepFinished: current outcome:Registro en la la aplicación:Example: {strFirstName=Lucero, strLastName=Gomez, strAddress=San Pablo, strPhone=3124567890, strSkills=C, strYearBirth=1994, strMonthBirth=April, srtDayBirth=23, strPassword=lu123456, strConfirmPassword=lu123456} [Given que Lucero quiere ingresar a la pagina Automatizacion Demo site [Lucero open up [Lucero opens the Test page]]]
[Test worker] WARN net.thucydides.core.steps.BaseStepListener - stepStarted: net.thucydides.core.steps.ExecutedStepDescription@73236dd4
[Test worker] WARN net.thucydides.core.steps.BaseStepListener - stepStarted: net.thucydides.core.steps.ExecutedStepDescription@5f0c39e6
[Test worker] WARN net.thucydides.core.steps.BaseStepListener - stepStarted: net.thucydides.core.steps.ExecutedStepDescription@8cb5e93
[Test worker] WARN net.thucydides.core.steps.BaseStepListener - stepFinished: current outcome:Registro en la la aplicación:Example: {strFirstName=Lucero, strLastName=Gomez, strAddress=San Pablo, strPhone=3124567890, strSkills=C, strYearBirth=1994, strMonthBirth=April, srtDayBirth=23, strPassword=lu123456, strConfirmPassword=lu123456} [Given que Lucero quiere ingresar a la pagina Automatizacion Demo site [Lucero open up [Lucero opens the Test page]], When ingresar todas las credenciales validas del registro
| strFirstName | strLastName | strAddress | strPhone | strSkills | strYearBirth | strMonthBirth | srtDayBirth | strPassword | strConfirmPassword |
| Lucero | Gomez | San Pablo | 3124567890 | C | 1994 | April | 23 | lu123456 | lu123456 | [Lucero register [Lucero enters 'Lucero' into donde escribo el nombre del usuario]]]
[Test worker] WARN net.thucydides.core.steps.BaseStepListener - stepStarted: net.thucydides.core.steps.ExecutedStepDescription@3c2e120e
[Test worker] WARN net.thucydides.core.steps.BaseStepListener - stepFinished: current outcome:Registro en la la aplicación:Example: {strFirstName=Lucero, strLastName=Gomez, strAddress=San Pablo, strPhone=3124567890, strSkills=C, strYearBirth=1994, strMonthBirth=April, srtDayBirth=23, strPassword=lu123456, strConfirmPassword=lu123456} [Given que Lucero quiere ingresar a la pagina Automatizacion Demo site [Lucero open up [Lucero opens the Test page]], When ingresar todas las credenciales validas del registro
| strFirstName | strLastName | strAddress | strPhone | strSkills | strYearBirth | strMonthBirth | srtDayBirth | strPassword | strConfirmPassword |
| Lucero | Gomez | San Pablo | 3124567890 | C | 1994 | April | 23 | lu123456 | lu123456 | [Lucero register [Lucero enters 'Lucero' into donde escribo el nombre del usuario, Lucero enters 'Gomez' into donde escribo el apellido del usuario]]]
[Test worker] WARN net.thucydides.core.steps.BaseStepListener - stepStarted: net.thucydides.core.steps.ExecutedStepDescription@1a9f3a79
[Test worker] WARN net.thucydides.core.steps.BaseStepListener - stepFinished: current outcome:Registro en la la aplicación:Example: {strFirstName=Lucero, strLastName=Gomez, strAddress=San Pablo, strPhone=3124567890, strSkills=C, strYearBirth=1994, strMonthBirth=April, srtDayBirth=23, strPassword=lu123456, strConfirmPassword=lu123456} [Given que Lucero quiere ingresar a la pagina Automatizacion Demo site [Lucero open up [Lucero opens the Test page]], When ingresar todas las credenciales validas del registro
| strFirstName | strLastName | strAddress | strPhone | strSkills | strYearBirth | strMonthBirth | srtDayBirth | strPassword | strConfirmPassword |
| Lucero | Gomez | San Pablo | 3124567890 | C | 1994 | April | 23 | lu123456 | lu123456 | [Lucero register [Lucero enters 'Lucero' into donde escribo el nombre del usuario, Lucero enters 'Gomez' into donde escribo el apellido del usuario, Lucero enters 'San Pablo' into donde escribo la direcciÃ³n del usuario]]]
[Test worker] WARN net.thucydides.core.steps.BaseStepListener - stepStarted: net.thucydides.core.steps.ExecutedStepDescription@6b9249f4
[Test worker] WARN net.thucydides.core.steps.BaseStepListener - stepFinished: current outcome:Registro en la la aplicación:Example: {strFirstName=Lucero, strLastName=Gomez, strAddress=San Pablo, strPhone=3124567890, strSkills=C, strYearBirth=1994, strMonthBirth=April, srtDayBirth=23, strPassword=lu123456, strConfirmPassword=lu123456} [Given que Lucero quiere ingresar a la pagina Automatizacion Demo site [Lucero open up [Lucero opens the Test page]], When ingresar todas las credenciales validas del registro
| strFirstName | strLastName | strAddress | strPhone | strSkills | strYearBirth | strMonthBirth | srtDayBirth | strPassword | strConfirmPassword |
| Lucero | Gomez | San Pablo | 3124567890 | C | 1994 | April | 23 | lu123456 | lu123456 | [Lucero register [Lucero enters 'Lucero' into donde escribo el nombre del usuario, Lucero enters 'Gomez' into donde escribo el apellido del usuario, Lucero enters 'San Pablo' into donde escribo la direcciÃ³n del usuario, Lucero enters 'lugomez@email.com' into donde escribo el correo electronico del usuario]]]
[Test worker] WARN net.thucydides.core.steps.BaseStepListener - stepStarted: net.thucydides.core.steps.ExecutedStepDescription@16ad8ad8
[Test worker] WARN net.thucydides.core.steps.BaseStepListener - stepFinished: current outcome:Registro en la la aplicación:Example: {strFirstName=Lucero, strLastName=Gomez, strAddress=San Pablo, strPhone=3124567890, strSkills=C, strYearBirth=1994, strMonthBirth=April, srtDayBirth=23, strPassword=lu123456, strConfirmPassword=lu123456} [Given que Lucero quiere ingresar a la pagina Automatizacion Demo site [Lucero open up [Lucero opens the Test page]], When ingresar todas las credenciales validas del registro
| strFirstName | strLastName | strAddress | strPhone | strSkills | strYearBirth | strMonthBirth | srtDayBirth | strPassword | strConfirmPassword |
| Lucero | Gomez | San Pablo | 3124567890 | C | 1994 | April | 23 | lu123456 | lu123456 | [Lucero register [Lucero enters 'Lucero' into donde escribo el nombre del usuario, Lucero enters 'Gomez' into donde escribo el apellido del usuario, Lucero enters 'San Pablo' into donde escribo la direcciÃ³n del usuario, Lucero enters 'lugomez@email.com' into donde escribo el correo electronico del usuario, Lucero enters '3124567890' into donde escribo el telefono del usuario]]]
[Test worker] WARN net.thucydides.core.steps.BaseStepListener - stepStarted: net.thucydides.core.steps.ExecutedStepDescription@350dab18
[Test worker] WARN net.thucydides.core.steps.BaseStepListener - stepFinished: current outcome:Registro en la la aplicación:Example: {strFirstName=Lucero, strLastName=Gomez, strAddress=San Pablo, strPhone=3124567890, strSkills=C, strYearBirth=1994, strMonthBirth=April, srtDayBirth=23, strPassword=lu123456, strConfirmPassword=lu123456} [Given que Lucero quiere ingresar a la pagina Automatizacion Demo site [Lucero open up [Lucero opens the Test page]], When ingresar todas las credenciales validas del registro
| strFirstName | strLastName | strAddress | strPhone | strSkills | strYearBirth | strMonthBirth | srtDayBirth | strPassword | strConfirmPassword |
| Lucero | Gomez | San Pablo | 3124567890 | C | 1994 | April | 23 | lu123456 | lu123456 | [Lucero register [Lucero enters 'Lucero' into donde escribo el nombre del usuario, Lucero enters 'Gomez' into donde escribo el apellido del usuario, Lucero enters 'San Pablo' into donde escribo la direcciÃ³n del usuario, Lucero enters 'lugomez@email.com' into donde escribo el correo electronico del usuario, Lucero enters '3124567890' into donde escribo el telefono del usuario, Lucero clicks on donde escribo el genero del usuario]]]
[Test worker] WARN net.thucydides.core.steps.BaseStepListener - stepStarted: net.thucydides.core.steps.ExecutedStepDescription@7b415389
[Test worker] WARN net.thucydides.core.steps.BaseStepListener - stepFinished: current outcome:Registro en la la aplicación:Example: {strFirstName=Lucero, strLastName=Gomez, strAddress=San Pablo, strPhone=3124567890, strSkills=C, strYearBirth=1994, strMonthBirth=April, srtDayBirth=23, strPassword=lu123456, strConfirmPassword=lu123456} [Given que Lucero quiere ingresar a la pagina Automatizacion Demo site [Lucero open up [Lucero opens the Test page]], When ingresar todas las credenciales validas del registro
| strFirstName | strLastName | strAddress | strPhone | strSkills | strYearBirth | strMonthBirth | srtDayBirth | strPassword | strConfirmPassword |
| Lucero | Gomez | San Pablo | 3124567890 | C | 1994 | April | 23 | lu123456 | lu123456 | [Lucero register [Lucero enters 'Lucero' into donde escribo el nombre del usuario, Lucero enters 'Gomez' into donde escribo el apellido del usuario, Lucero enters 'San Pablo' into donde escribo la direcciÃ³n del usuario, Lucero enters 'lugomez@email.com' into donde escribo el correo electronico del usuario, Lucero enters '3124567890' into donde escribo el telefono del usuario, Lucero clicks on donde escribo el genero del usuario, Lucero clicks on donde escribo el genero del usuario]]]
[Test worker] WARN net.thucydides.core.steps.BaseStepListener - stepStarted: net.thucydides.core.steps.ExecutedStepDescription@34ddae0f
[Test worker] WARN net.thucydides.core.steps.BaseStepListener - stepFinished: current outcome:Registro en la la aplicación:Example: {strFirstName=Lucero, strLastName=Gomez, strAddress=San Pablo, strPhone=3124567890, strSkills=C, strYearBirth=1994, strMonthBirth=April, srtDayBirth=23, strPassword=lu123456, strConfirmPassword=lu123456} [Given que Lucero quiere ingresar a la pagina Automatizacion Demo site [Lucero open up [Lucero opens the Test page]], When ingresar todas las credenciales validas del registro
| strFirstName | strLastName | strAddress | strPhone | strSkills | strYearBirth | strMonthBirth | srtDayBirth | strPassword | strConfirmPassword |
| Lucero | Gomez | San Pablo | 3124567890 | C | 1994 | April | 23 | lu123456 | lu123456 | [Lucero register [Lucero enters 'Lucero' into donde escribo el nombre del usuario, Lucero enters 'Gomez' into donde escribo el apellido del usuario, Lucero enters 'San Pablo' into donde escribo la direcciÃ³n del usuario, Lucero enters 'lugomez@email.com' into donde escribo el correo electronico del usuario, Lucero enters '3124567890' into donde escribo el telefono del usuario, Lucero clicks on donde escribo el genero del usuario, Lucero clicks on donde escribo el genero del usuario, Lucero clicks on donde escribo el genero del usuario]]]
[Test worker] WARN net.thucydides.core.steps.BaseStepListener - stepStarted: net.thucydides.core.steps.ExecutedStepDescription@3d3971f3
[Test worker] WARN net.thucydides.core.steps.BaseStepListener - stepFinished: current outcome:Registro en la la aplicación:Example: {strFirstName=Lucero, strLastName=Gomez, strAddress=San Pablo, strPhone=3124567890, strSkills=C, strYearBirth=1994, strMonthBirth=April, srtDayBirth=23, strPassword=lu123456, strConfirmPassword=lu123456} [Given que Lucero quiere ingresar a la pagina Automatizacion Demo site [Lucero open up [Lucero opens the Test page]], When ingresar todas las credenciales validas del registro
| strFirstName | strLastName | strAddress | strPhone | strSkills | strYearBirth | strMonthBirth | srtDayBirth | strPassword | strConfirmPassword |
| Lucero | Gomez | San Pablo | 3124567890 | C | 1994 | April | 23 | lu123456 | lu123456 | [Lucero register [Lucero enters 'Lucero' into donde escribo el nombre del usuario, Lucero enters 'Gomez' into donde escribo el apellido del usuario, Lucero enters 'San Pablo' into donde escribo la direcciÃ³n del usuario, Lucero enters 'lugomez@email.com' into donde escribo el correo electronico del usuario, Lucero enters '3124567890' into donde escribo el telefono del usuario, Lucero clicks on donde escribo el genero del usuario, Lucero clicks on donde escribo el genero del usuario, Lucero clicks on donde escribo el genero del usuario, Lucero clicks on donde escribo el genero del usuario]]]
[Test worker] WARN net.thucydides.core.steps.BaseStepListener - stepStarted: net.thucydides.core.steps.ExecutedStepDescription@4ad15c7
[Test worker] WARN net.thucydides.core.steps.BaseStepListener - stepFinished: current outcome:Registro en la la aplicación:Example: {strFirstName=Lucero, strLastName=Gomez, strAddress=San Pablo, strPhone=3124567890, strSkills=C, strYearBirth=1994, strMonthBirth=April, srtDayBirth=23, strPassword=lu123456, strConfirmPassword=lu123456} [Given que Lucero quiere ingresar a la pagina Automatizacion Demo site [Lucero open up [Lucero opens the Test page]], When ingresar todas las credenciales validas del registro
| strFirstName | strLastName | strAddress | strPhone | strSkills | strYearBirth | strMonthBirth | srtDayBirth | strPassword | strConfirmPassword |
| Lucero | Gomez | San Pablo | 3124567890 | C | 1994 | April | 23 | lu123456 | lu123456 | [Lucero register [Lucero enters 'Lucero' into donde escribo el nombre del usuario, Lucero enters 'Gomez' into donde escribo el apellido del usuario, Lucero enters 'San Pablo' into donde escribo la direcciÃ³n del usuario, Lucero enters 'lugomez@email.com' into donde escribo el correo electronico del usuario, Lucero enters '3124567890' into donde escribo el telefono del usuario, Lucero clicks on donde escribo el genero del usuario, Lucero clicks on donde escribo el genero del usuario, Lucero clicks on donde escribo el genero del usuario, Lucero clicks on donde escribo el genero del usuario, Lucero select C on donde selecciono el mes de nacimiento del usuario]]]
[Test worker] WARN net.thucydides.core.steps.BaseStepListener - stepStarted: net.thucydides.core.steps.ExecutedStepDescription@f6f5867
[Test worker] WARN net.thucydides.core.steps.BaseStepListener - stepFinished: current outcome:Registro en la la aplicación:Example: {strFirstName=Lucero, strLastName=Gomez, strAddress=San Pablo, strPhone=3124567890, strSkills=C, strYearBirth=1994, strMonthBirth=April, srtDayBirth=23, strPassword=lu123456, strConfirmPassword=lu123456} [Given que Lucero quiere ingresar a la pagina Automatizacion Demo site [Lucero open up [Lucero opens the Test page]], When ingresar todas las credenciales validas del registro
| strFirstName | strLastName | strAddress | strPhone | strSkills | strYearBirth | strMonthBirth | srtDayBirth | strPassword | strConfirmPassword |
| Lucero | Gomez | San Pablo | 3124567890 | C | 1994 | April | 23 | lu123456 | lu123456 | [Lucero register [Lucero enters 'Lucero' into donde escribo el nombre del usuario, Lucero enters 'Gomez' into donde escribo el apellido del usuario, Lucero enters 'San Pablo' into donde escribo la direcciÃ³n del usuario, Lucero enters 'lugomez@email.com' into donde escribo el correo electronico del usuario, Lucero enters '3124567890' into donde escribo el telefono del usuario, Lucero clicks on donde escribo el genero del usuario, Lucero clicks on donde escribo el genero del usuario, Lucero clicks on donde escribo el genero del usuario, Lucero clicks on donde escribo el genero del usuario, Lucero select C on donde selecciono el mes de nacimiento del usuario, Lucero clicks on donde escribo la ciudad donde esta ubicado el usuario]]]
[Test worker] WARN net.thucydides.core.steps.BaseStepListener - stepStarted: net.thucydides.core.steps.ExecutedStepDescription@3c4fa200
[Test worker] WARN net.thucydides.core.steps.BaseStepListener - stepFinished: current outcome:Registro en la la aplicación:Example: {strFirstName=Lucero, strLastName=Gomez, strAddress=San Pablo, strPhone=3124567890, strSkills=C, strYearBirth=1994, strMonthBirth=April, srtDayBirth=23, strPassword=lu123456, strConfirmPassword=lu123456} [Given que Lucero quiere ingresar a la pagina Automatizacion Demo site [Lucero open up [Lucero opens the Test page]], When ingresar todas las credenciales validas del registro
| strFirstName | strLastName | strAddress | strPhone | strSkills | strYearBirth | strMonthBirth | srtDayBirth | strPassword | strConfirmPassword |
| Lucero | Gomez | San Pablo | 3124567890 | C | 1994 | April | 23 | lu123456 | lu123456 | [Lucero register [Lucero enters 'Lucero' into donde escribo el nombre del usuario, Lucero enters 'Gomez' into donde escribo el apellido del usuario, Lucero enters 'San Pablo' into donde escribo la direcciÃ³n del usuario, Lucero enters 'lugomez@email.com' into donde escribo el correo electronico del usuario, Lucero enters '3124567890' into donde escribo el telefono del usuario, Lucero clicks on donde escribo el genero del usuario, Lucero clicks on donde escribo el genero del usuario, Lucero clicks on donde escribo el genero del usuario, Lucero clicks on donde escribo el genero del usuario, Lucero select C on donde selecciono el mes de nacimiento del usuario, Lucero clicks on donde escribo la ciudad donde esta ubicado el usuario, Lucero clicks on donde escribo la ciudad donde esta ubicado el usuario]]]
[Test worker] WARN net.thucydides.core.steps.BaseStepListener - stepStarted: net.thucydides.core.steps.ExecutedStepDescription@61851a9d
[Test worker] WARN net.thucydides.core.steps.BaseStepListener - stepFinished: current outcome:Registro en la la aplicación:Example: {strFirstName=Lucero, strLastName=Gomez, strAddress=San Pablo, strPhone=3124567890, strSkills=C, strYearBirth=1994, strMonthBirth=April, srtDayBirth=23, strPassword=lu123456, strConfirmPassword=lu123456} [Given que Lucero quiere ingresar a la pagina Automatizacion Demo site [Lucero open up [Lucero opens the Test page]], When ingresar todas las credenciales validas del registro
| strFirstName | strLastName | strAddress | strPhone | strSkills | strYearBirth | strMonthBirth | srtDayBirth | strPassword | strConfirmPassword |
| Lucero | Gomez | San Pablo | 3124567890 | C | 1994 | April | 23 | lu123456 | lu123456 | [Lucero register [Lucero enters 'Lucero' into donde escribo el nombre del usuario, Lucero enters 'Gomez' into donde escribo el apellido del usuario, Lucero enters 'San Pablo' into donde escribo la direcciÃ³n del usuario, Lucero enters 'lugomez@email.com' into donde escribo el correo electronico del usuario, Lucero enters '3124567890' into donde escribo el telefono del usuario, Lucero clicks on donde escribo el genero del usuario, Lucero clicks on donde escribo el genero del usuario, Lucero clicks on donde escribo el genero del usuario, Lucero clicks on donde escribo el genero del usuario, Lucero select C on donde selecciono el mes de nacimiento del usuario, Lucero clicks on donde escribo la ciudad donde esta ubicado el usuario, Lucero clicks on donde escribo la ciudad donde esta ubicado el usuario, Lucero select 1994 on donde selecciono el aÃ±o de nacimiento del usuario]]]
[Test worker] WARN net.thucydides.core.steps.BaseStepListener - stepStarted: net.thucydides.core.steps.ExecutedStepDescription@3d4bc6f6
[Test worker] WARN net.thucydides.core.steps.BaseStepListener - stepFinished: current outcome:Registro en la la aplicación:Example: {strFirstName=Lucero, strLastName=Gomez, strAddress=San Pablo, strPhone=3124567890, strSkills=C, strYearBirth=1994, strMonthBirth=April, srtDayBirth=23, strPassword=lu123456, strConfirmPassword=lu123456} [Given que Lucero quiere ingresar a la pagina Automatizacion Demo site [Lucero open up [Lucero opens the Test page]], When ingresar todas las credenciales validas del registro
| strFirstName | strLastName | strAddress | strPhone | strSkills | strYearBirth | strMonthBirth | srtDayBirth | strPassword | strConfirmPassword |
| Lucero | Gomez | San Pablo | 3124567890 | C | 1994 | April | 23 | lu123456 | lu123456 | [Lucero register [Lucero enters 'Lucero' into donde escribo el nombre del usuario, Lucero enters 'Gomez' into donde escribo el apellido del usuario, Lucero enters 'San Pablo' into donde escribo la direcciÃ³n del usuario, Lucero enters 'lugomez@email.com' into donde escribo el correo electronico del usuario, Lucero enters '3124567890' into donde escribo el telefono del usuario, Lucero clicks on donde escribo el genero del usuario, Lucero clicks on donde escribo el genero del usuario, Lucero clicks on donde escribo el genero del usuario, Lucero clicks on donde escribo el genero del usuario, Lucero select C on donde selecciono el mes de nacimiento del usuario, Lucero clicks on donde escribo la ciudad donde esta ubicado el usuario, Lucero clicks on donde escribo la ciudad donde esta ubicado el usuario, Lucero select 1994 on donde selecciono el aÃ±o de nacimiento del usuario, Lucero select April on donde selecciono el dia de nacimiento del usuario]]]
[Test worker] WARN net.thucydides.core.steps.BaseStepListener - stepStarted: net.thucydides.core.steps.ExecutedStepDescription@4509a86d
[Test worker] WARN net.thucydides.core.steps.BaseStepListener - stepFinished: current outcome:Registro en la la aplicación:Example: {strFirstName=Lucero, strLastName=Gomez, strAddress=San Pablo, strPhone=3124567890, strSkills=C, strYearBirth=1994, strMonthBirth=April, srtDayBirth=23, strPassword=lu123456, strConfirmPassword=lu123456} [Given que Lucero quiere ingresar a la pagina Automatizacion Demo site [Lucero open up [Lucero opens the Test page]], When ingresar todas las credenciales validas del registro
| strFirstName | strLastName | strAddress | strPhone | strSkills | strYearBirth | strMonthBirth | srtDayBirth | strPassword | strConfirmPassword |
| Lucero | Gomez | San Pablo | 3124567890 | C | 1994 | April | 23 | lu123456 | lu123456 | [Lucero register [Lucero enters 'Lucero' into donde escribo el nombre del usuario, Lucero enters 'Gomez' into donde escribo el apellido del usuario, Lucero enters 'San Pablo' into donde escribo la direcciÃ³n del usuario, Lucero enters 'lugomez@email.com' into donde escribo el correo electronico del usuario, Lucero enters '3124567890' into donde escribo el telefono del usuario, Lucero clicks on donde escribo el genero del usuario, Lucero clicks on donde escribo el genero del usuario, Lucero clicks on donde escribo el genero del usuario, Lucero clicks on donde escribo el genero del usuario, Lucero select C on donde selecciono el mes de nacimiento del usuario, Lucero clicks on donde escribo la ciudad donde esta ubicado el usuario, Lucero clicks on donde escribo la ciudad donde esta ubicado el usuario, Lucero select 1994 on donde selecciono el aÃ±o de nacimiento del usuario, Lucero select April on donde selecciono el dia de nacimiento del usuario, Lucero select 23 on donde selecciono el dia de nacimiento del usuario]]]
[Test worker] WARN net.thucydides.core.steps.BaseStepListener - stepStarted: net.thucydides.core.steps.ExecutedStepDescription@69ec36f5
[Test worker] WARN net.thucydides.core.steps.BaseStepListener - stepFinished: current outcome:Registro en la la aplicación:Example: {strFirstName=Lucero, strLastName=Gomez, strAddress=San Pablo, strPhone=3124567890, strSkills=C, strYearBirth=1994, strMonthBirth=April, srtDayBirth=23, strPassword=lu123456, strConfirmPassword=lu123456} [Given que Lucero quiere ingresar a la pagina Automatizacion Demo site [Lucero open up [Lucero opens the Test page]], When ingresar todas las credenciales validas del registro
| strFirstName | strLastName | strAddress | strPhone | strSkills | strYearBirth | strMonthBirth | srtDayBirth | strPassword | strConfirmPassword |
| Lucero | Gomez | San Pablo | 3124567890 | C | 1994 | April | 23 | lu123456 | lu123456 | [Lucero register [Lucero enters 'Lucero' into donde escribo el nombre del usuario, Lucero enters 'Gomez' into donde escribo el apellido del usuario, Lucero enters 'San Pablo' into donde escribo la direcciÃ³n del usuario, Lucero enters 'lugomez@email.com' into donde escribo el correo electronico del usuario, Lucero enters '3124567890' into donde escribo el telefono del usuario, Lucero clicks on donde escribo el genero del usuario, Lucero clicks on donde escribo el genero del usuario, Lucero clicks on donde escribo el genero del usuario, Lucero clicks on donde escribo el genero del usuario, Lucero select C on donde selecciono el mes de nacimiento del usuario, Lucero clicks on donde escribo la ciudad donde esta ubicado el usuario, Lucero clicks on donde escribo la ciudad donde esta ubicado el usuario, Lucero select 1994 on donde selecciono el aÃ±o de nacimiento del usuario, Lucero select April on donde selecciono el dia de nacimiento del usuario, Lucero select 23 on donde selecciono el dia de nacimiento del usuario, Lucero enters 'lu123456' into donde escribo la contraseÃ±a de registro del usuario]]]
[Test worker] WARN net.thucydides.core.steps.BaseStepListener - stepStarted: net.thucydides.core.steps.ExecutedStepDescription@f15e8d
[Test worker] WARN net.thucydides.core.steps.BaseStepListener - stepFinished: current outcome:Registro en la la aplicación:Example: {strFirstName=Lucero, strLastName=Gomez, strAddress=San Pablo, strPhone=3124567890, strSkills=C, strYearBirth=1994, strMonthBirth=April, srtDayBirth=23, strPassword=lu123456, strConfirmPassword=lu123456} [Given que Lucero quiere ingresar a la pagina Automatizacion Demo site [Lucero open up [Lucero opens the Test page]], When ingresar todas las credenciales validas del registro
| strFirstName | strLastName | strAddress | strPhone | strSkills | strYearBirth | strMonthBirth | srtDayBirth | strPassword | strConfirmPassword |
| Lucero | Gomez | San Pablo | 3124567890 | C | 1994 | April | 23 | lu123456 | lu123456 | [Lucero register [Lucero enters 'Lucero' into donde escribo el nombre del usuario, Lucero enters 'Gomez' into donde escribo el apellido del usuario, Lucero enters 'San Pablo' into donde escribo la direcciÃ³n del usuario, Lucero enters 'lugomez@email.com' into donde escribo el correo electronico del usuario, Lucero enters '3124567890' into donde escribo el telefono del usuario, Lucero clicks on donde escribo el genero del usuario, Lucero clicks on donde escribo el genero del usuario, Lucero clicks on donde escribo el genero del usuario, Lucero clicks on donde escribo el genero del usuario, Lucero select C on donde selecciono el mes de nacimiento del usuario, Lucero clicks on donde escribo la ciudad donde esta ubicado el usuario, Lucero clicks on donde escribo la ciudad donde esta ubicado el usuario, Lucero select 1994 on donde selecciono el aÃ±o de nacimiento del usuario, Lucero select April on donde selecciono el dia de nacimiento del usuario, Lucero select 23 on donde selecciono el dia de nacimiento del usuario, Lucero enters 'lu123456' into donde escribo la contraseÃ±a de registro del usuario, Lucero enters 'lu123456' into donde confirmo la contraseÃ±a de registro del usuario]]]
[Test worker] WARN net.thucydides.core.steps.BaseStepListener - stepStarted: net.thucydides.core.steps.ExecutedStepDescription@72303dd8
[Test worker] WARN net.thucydides.core.steps.BaseStepListener - stepFinished: current outcome:Registro en la la aplicación:Example: {strFirstName=Lucero, strLastName=Gomez, strAddress=San Pablo, strPhone=3124567890, strSkills=C, strYearBirth=1994, strMonthBirth=April, srtDayBirth=23, strPassword=lu123456, strConfirmPassword=lu123456} [Given que Lucero quiere ingresar a la pagina Automatizacion Demo site [Lucero open up [Lucero opens the Test page]], When ingresar todas las credenciales validas del registro
| strFirstName | strLastName | strAddress | strPhone | strSkills | strYearBirth | strMonthBirth | srtDayBirth | strPassword | strConfirmPassword |
| Lucero | Gomez | San Pablo | 3124567890 | C | 1994 | April | 23 | lu123456 | lu123456 | [Lucero register [Lucero enters 'Lucero' into donde escribo el nombre del usuario, Lucero enters 'Gomez' into donde escribo el apellido del usuario, Lucero enters 'San Pablo' into donde escribo la direcciÃ³n del usuario, Lucero enters 'lugomez@email.com' into donde escribo el correo electronico del usuario, Lucero enters '3124567890' into donde escribo el telefono del usuario, Lucero clicks on donde escribo el genero del usuario, Lucero clicks on donde escribo el genero del usuario, Lucero clicks on donde escribo el genero del usuario, Lucero clicks on donde escribo el genero del usuario, Lucero select C on donde selecciono el mes de nacimiento del usuario, Lucero clicks on donde escribo la ciudad donde esta ubicado el usuario, Lucero clicks on donde escribo la ciudad donde esta ubicado el usuario, Lucero select 1994 on donde selecciono el aÃ±o de nacimiento del usuario, Lucero select April on donde selecciono el dia de nacimiento del usuario, Lucero select 23 on donde selecciono el dia de nacimiento del usuario, Lucero enters 'lu123456' into donde escribo la contraseÃ±a de registro del usuario, Lucero enters 'lu123456' into donde confirmo la contraseÃ±a de registro del usuario, Lucero clicks on boton que finaliza el registro]]]
[Test worker] WARN net.thucydides.core.steps.BaseStepListener - stepFinished: current outcome:Registro en la la aplicación:Example: {strFirstName=Lucero, strLastName=Gomez, strAddress=San Pablo, strPhone=3124567890, strSkills=C, strYearBirth=1994, strMonthBirth=April, srtDayBirth=23, strPassword=lu123456, strConfirmPassword=lu123456} [Given que Lucero quiere ingresar a la pagina Automatizacion Demo site [Lucero open up [Lucero opens the Test page]], When ingresar todas las credenciales validas del registro
| strFirstName | strLastName | strAddress | strPhone | strSkills | strYearBirth | strMonthBirth | srtDayBirth | strPassword | strConfirmPassword |
| Lucero | Gomez | San Pablo | 3124567890 | C | 1994 | April | 23 | lu123456 | lu123456 | [Lucero register [Lucero enters 'Lucero' into donde escribo el nombre del usuario, Lucero enters 'Gomez' into donde escribo el apellido del usuario, Lucero enters 'San Pablo' into donde escribo la direcciÃ³n del usuario, Lucero enters 'lugomez@email.com' into donde escribo el correo electronico del usuario, Lucero enters '3124567890' into donde escribo el telefono del usuario, Lucero clicks on donde escribo el genero del usuario, Lucero clicks on donde escribo el genero del usuario, Lucero clicks on donde escribo el genero del usuario, Lucero clicks on donde escribo el genero del usuario, Lucero select C on donde selecciono el mes de nacimiento del usuario, Lucero clicks on donde escribo la ciudad donde esta ubicado el usuario, Lucero clicks on donde escribo la ciudad donde esta ubicado el usuario, Lucero select 1994 on donde selecciono el aÃ±o de nacimiento del usuario, Lucero select April on donde selecciono el dia de nacimiento del usuario, Lucero select 23 on donde selecciono el dia de nacimiento del usuario, Lucero enters 'lu123456' into donde escribo la contraseÃ±a de registro del usuario, Lucero enters 'lu123456' into donde confirmo la contraseÃ±a de registro del usuario, Lucero clicks on boton que finaliza el registro]]]
[Test worker] WARN net.thucydides.core.steps.BaseStepListener - stepStarted: net.thucydides.core.steps.ExecutedStepDescription@c15264
[Test worker] WARN net.thucydides.core.steps.BaseStepListener - stepStarted: net.thucydides.core.steps.ExecutedStepDescription@4c1075e4
[Test worker] WARN net.thucydides.core.steps.BaseStepListener - stepFinished: current outcome:Registro en la la aplicación:Example: {strFirstName=Lucero, strLastName=Gomez, strAddress=San Pablo, strPhone=3124567890, strSkills=C, strYearBirth=1994, strMonthBirth=April, srtDayBirth=23, strPassword=lu123456, strConfirmPassword=lu123456} [Given que Lucero quiere ingresar a la pagina Automatizacion Demo site [Lucero open up [Lucero opens the Test page]], When ingresar todas las credenciales validas del registro
| strFirstName | strLastName | strAddress | strPhone | strSkills | strYearBirth | strMonthBirth | srtDayBirth | strPassword | strConfirmPassword |
| Lucero | Gomez | San Pablo | 3124567890 | C | 1994 | April | 23 | lu123456 | lu123456 | [Lucero register [Lucero enters 'Lucero' into donde escribo el nombre del usuario, Lucero enters 'Gomez' into donde escribo el apellido del usuario, Lucero enters 'San Pablo' into donde escribo la direcciÃ³n del usuario, Lucero enters 'lugomez@email.com' into donde escribo el correo electronico del usuario, Lucero enters '3124567890' into donde escribo el telefono del usuario, Lucero clicks on donde escribo el genero del usuario, Lucero clicks on donde escribo el genero del usuario, Lucero clicks on donde escribo el genero del usuario, Lucero clicks on donde escribo el genero del usuario, Lucero select C on donde selecciono el mes de nacimiento del usuario, Lucero clicks on donde escribo la ciudad donde esta ubicado el usuario, Lucero clicks on donde escribo la ciudad donde esta ubicado el usuario, Lucero select 1994 on donde selecciono el aÃ±o de nacimiento del usuario, Lucero select April on donde selecciono el dia de nacimiento del usuario, Lucero select 23 on donde selecciono el dia de nacimiento del usuario, Lucero enters 'lu123456' into donde escribo la contraseÃ±a de registro del usuario, Lucero enters 'lu123456' into donde confirmo la contraseÃ±a de registro del usuario, Lucero clicks on boton que finaliza el registro], Lucero open page [Lucero opens the Table page]]]
[Test worker] WARN net.thucydides.core.steps.BaseStepListener - stepFinished: current outcome:Registro en la la aplicación:Example: {strFirstName=Lucero, strLastName=Gomez, strAddress=San Pablo, strPhone=3124567890, strSkills=C, strYearBirth=1994, strMonthBirth=April, srtDayBirth=23, strPassword=lu123456, strConfirmPassword=lu123456} [Given que Lucero quiere ingresar a la pagina Automatizacion Demo site [Lucero open up [Lucero opens the Test page]], When ingresar todas las credenciales validas del registro
| strFirstName | strLastName | strAddress | strPhone | strSkills | strYearBirth | strMonthBirth | srtDayBirth | strPassword | strConfirmPassword |
| Lucero | Gomez | San Pablo | 3124567890 | C | 1994 | April | 23 | lu123456 | lu123456 | [Lucero register [Lucero enters 'Lucero' into donde escribo el nombre del usuario, Lucero enters 'Gomez' into donde escribo el apellido del usuario, Lucero enters 'San Pablo' into donde escribo la direcciÃ³n del usuario, Lucero enters 'lugomez@email.com' into donde escribo el correo electronico del usuario, Lucero enters '3124567890' into donde escribo el telefono del usuario, Lucero clicks on donde escribo el genero del usuario, Lucero clicks on donde escribo el genero del usuario, Lucero clicks on donde escribo el genero del usuario, Lucero clicks on donde escribo el genero del usuario, Lucero select C on donde selecciono el mes de nacimiento del usuario, Lucero clicks on donde escribo la ciudad donde esta ubicado el usuario, Lucero clicks on donde escribo la ciudad donde esta ubicado el usuario, Lucero select 1994 on donde selecciono el aÃ±o de nacimiento del usuario, Lucero select April on donde selecciono el dia de nacimiento del usuario, Lucero select 23 on donde selecciono el dia de nacimiento del usuario, Lucero enters 'lu123456' into donde escribo la contraseÃ±a de registro del usuario, Lucero enters 'lu123456' into donde confirmo la contraseÃ±a de registro del usuario, Lucero clicks on boton que finaliza el registro], Lucero open page [Lucero opens the Table page]]]
[Test worker] WARN net.thucydides.core.steps.BaseStepListener - stepFinished: current outcome:Registro en la la aplicación:Example: {strFirstName=Lucero, strLastName=Gomez, strAddress=San Pablo, strPhone=3124567890, strSkills=C, strYearBirth=1994, strMonthBirth=April, srtDayBirth=23, strPassword=lu123456, strConfirmPassword=lu123456} [Given que Lucero quiere ingresar a la pagina Automatizacion Demo site [Lucero open up [Lucero opens the Test page]], When ingresar todas las credenciales validas del registro
| strFirstName | strLastName | strAddress | strPhone | strSkills | strYearBirth | strMonthBirth | srtDayBirth | strPassword | strConfirmPassword |
| Lucero | Gomez | San Pablo | 3124567890 | C | 1994 | April | 23 | lu123456 | lu123456 | [Lucero register [Lucero enters 'Lucero' into donde escribo el nombre del usuario, Lucero enters 'Gomez' into donde escribo el apellido del usuario, Lucero enters 'San Pablo' into donde escribo la direcciÃ³n del usuario, Lucero enters 'lugomez@email.com' into donde escribo el correo electronico del usuario, Lucero enters '3124567890' into donde escribo el telefono del usuario, Lucero clicks on donde escribo el genero del usuario, Lucero clicks on donde escribo el genero del usuario, Lucero clicks on donde escribo el genero del usuario, Lucero clicks on donde escribo el genero del usuario, Lucero select C on donde selecciono el mes de nacimiento del usuario, Lucero clicks on donde escribo la ciudad donde esta ubicado el usuario, Lucero clicks on donde escribo la ciudad donde esta ubicado el usuario, Lucero select 1994 on donde selecciono el aÃ±o de nacimiento del usuario, Lucero select April on donde selecciono el dia de nacimiento del usuario, Lucero select 23 on donde selecciono el dia de nacimiento del usuario, Lucero enters 'lu123456' into donde escribo la contraseÃ±a de registro del usuario, Lucero enters 'lu123456' into donde confirmo la contraseÃ±a de registro del usuario, Lucero clicks on boton que finaliza el registro], Lucero open page [Lucero opens the Table page]]]
[Test worker] WARN net.thucydides.core.steps.BaseStepListener - stepStarted: net.thucydides.core.steps.ExecutedStepDescription@a37f8cb
[Test worker] WARN net.thucydides.core.steps.BaseStepListener - stepStarted: net.thucydides.core.steps.ExecutedStepDescription@77d8a732
[Test worker] WARN net.thucydides.core.steps.BaseStepListener - stepFinished: current outcome:Registro en la la aplicación:Example: {strFirstName=Lucero, strLastName=Gomez, strAddress=San Pablo, strPhone=3124567890, strSkills=C, strYearBirth=1994, strMonthBirth=April, srtDayBirth=23, strPassword=lu123456, strConfirmPassword=lu123456} [Given que Lucero quiere ingresar a la pagina Automatizacion Demo site [Lucero open up [Lucero opens the Test page]], When ingresar todas las credenciales validas del registro
| strFirstName | strLastName | strAddress | strPhone | strSkills | strYearBirth | strMonthBirth | srtDayBirth | strPassword | strConfirmPassword |
| Lucero | Gomez | San Pablo | 3124567890 | C | 1994 | April | 23 | lu123456 | lu123456 | [Lucero register [Lucero enters 'Lucero' into donde escribo el nombre del usuario, Lucero enters 'Gomez' into donde escribo el apellido del usuario, Lucero enters 'San Pablo' into donde escribo la direcciÃ³n del usuario, Lucero enters 'lugomez@email.com' into donde escribo el correo electronico del usuario, Lucero enters '3124567890' into donde escribo el telefono del usuario, Lucero clicks on donde escribo el genero del usuario, Lucero clicks on donde escribo el genero del usuario, Lucero clicks on donde escribo el genero del usuario, Lucero clicks on donde escribo el genero del usuario, Lucero select C on donde selecciono el mes de nacimiento del usuario, Lucero clicks on donde escribo la ciudad donde esta ubicado el usuario, Lucero clicks on donde escribo la ciudad donde esta ubicado el usuario, Lucero select 1994 on donde selecciono el aÃ±o de nacimiento del usuario, Lucero select April on donde selecciono el dia de nacimiento del usuario, Lucero select 23 on donde selecciono el dia de nacimiento del usuario, Lucero enters 'lu123456' into donde escribo la contraseÃ±a de registro del usuario, Lucero enters 'lu123456' into donde confirmo la contraseÃ±a de registro del usuario, Lucero clicks on boton que finaliza el registro], Lucero open page [Lucero opens the Table page]], Then Lucero es una usuaria registrada [Then answer]]
[Test worker] WARN net.thucydides.core.steps.BaseStepListener - stepFinished: current outcome:Registro en la la aplicación:Example: {strFirstName=Lucero, strLastName=Gomez, strAddress=San Pablo, strPhone=3124567890, strSkills=C, strYearBirth=1994, strMonthBirth=April, srtDayBirth=23, strPassword=lu123456, strConfirmPassword=lu123456} [Given que Lucero quiere ingresar a la pagina Automatizacion Demo site [Lucero open up [Lucero opens the Test page]], When ingresar todas las credenciales validas del registro
| strFirstName | strLastName | strAddress | strPhone | strSkills | strYearBirth | strMonthBirth | srtDayBirth | strPassword | strConfirmPassword |
| Lucero | Gomez | San Pablo | 3124567890 | C | 1994 | April | 23 | lu123456 | lu123456 | [Lucero register [Lucero enters 'Lucero' into donde escribo el nombre del usuario, Lucero enters 'Gomez' into donde escribo el apellido del usuario, Lucero enters 'San Pablo' into donde escribo la direcciÃ³n del usuario, Lucero enters 'lugomez@email.com' into donde escribo el correo electronico del usuario, Lucero enters '3124567890' into donde escribo el telefono del usuario, Lucero clicks on donde escribo el genero del usuario, Lucero clicks on donde escribo el genero del usuario, Lucero clicks on donde escribo el genero del usuario, Lucero clicks on donde escribo el genero del usuario, Lucero select C on donde selecciono el mes de nacimiento del usuario, Lucero clicks on donde escribo la ciudad donde esta ubicado el usuario, Lucero clicks on donde escribo la ciudad donde esta ubicado el usuario, Lucero select 1994 on donde selecciono el aÃ±o de nacimiento del usuario, Lucero select April on donde selecciono el dia de nacimiento del usuario, Lucero select 23 on donde selecciono el dia de nacimiento del usuario, Lucero enters 'lu123456' into donde escribo la contraseÃ±a de registro del usuario, Lucero enters 'lu123456' into donde confirmo la contraseÃ±a de registro del usuario, Lucero clicks on boton que finaliza el registro], Lucero open page [Lucero opens the Table page]], Then Lucero es una usuaria registrada [Then answer]]
[Test worker] WARN net.thucydides.core.steps.BaseStepListener - stepFinished: current outcome:Registro en la la aplicación:Example: {strFirstName=Lucero, strLastName=Gomez, strAddress=San Pablo, strPhone=3124567890, strSkills=C, strYearBirth=1994, strMonthBirth=April, srtDayBirth=23, strPassword=lu123456, strConfirmPassword=lu123456} [Given que Lucero quiere ingresar a la pagina Automatizacion Demo site [Lucero open up [Lucero opens the Test page]], When ingresar todas las credenciales validas del registro
| strFirstName | strLastName | strAddress | strPhone | strSkills | strYearBirth | strMonthBirth | srtDayBirth | strPassword | strConfirmPassword |
| Lucero | Gomez | San Pablo | 3124567890 | C | 1994 | April | 23 | lu123456 | lu123456 | [Lucero register [Lucero enters 'Lucero' into donde escribo el nombre del usuario, Lucero enters 'Gomez' into donde escribo el apellido del usuario, Lucero enters 'San Pablo' into donde escribo la direcciÃ³n del usuario, Lucero enters 'lugomez@email.com' into donde escribo el correo electronico del usuario, Lucero enters '3124567890' into donde escribo el telefono del usuario, Lucero clicks on donde escribo el genero del usuario, Lucero clicks on donde escribo el genero del usuario, Lucero clicks on donde escribo el genero del usuario, Lucero clicks on donde escribo el genero del usuario, Lucero select C on donde selecciono el mes de nacimiento del usuario, Lucero clicks on donde escribo la ciudad donde esta ubicado el usuario, Lucero clicks on donde escribo la ciudad donde esta ubicado el usuario, Lucero select 1994 on donde selecciono el aÃ±o de nacimiento del usuario, Lucero select April on donde selecciono el dia de nacimiento del usuario, Lucero select 23 on donde selecciono el dia de nacimiento del usuario, Lucero enters 'lu123456' into donde escribo la contraseÃ±a de registro del usuario, Lucero enters 'lu123456' into donde confirmo la contraseÃ±a de registro del usuario, Lucero clicks on boton que finaliza el registro], Lucero open page [Lucero opens the Table page]], Then Lucero es una usuaria registrada [Then answer]]
[Test worker] WARN net.thucydides.core.steps.BaseStepListener - testFinished: Registro en la la aplicación:Example: {strFirstName=Lucero, strLastName=Gomez, strAddress=San Pablo, strPhone=3124567890, strSkills=C, strYearBirth=1994, strMonthBirth=April, srtDayBirth=23, strPassword=lu123456, strConfirmPassword=lu123456} [Given que Lucero quiere ingresar a la pagina Automatizacion Demo site [Lucero open up [Lucero opens the Test page]], When ingresar todas las credenciales validas del registro
| strFirstName | strLastName | strAddress | strPhone | strSkills | strYearBirth | strMonthBirth | srtDayBirth | strPassword | strConfirmPassword |
| Lucero | Gomez | San Pablo | 3124567890 | C | 1994 | April | 23 | lu123456 | lu123456 | [Lucero register [Lucero enters 'Lucero' into donde escribo el nombre del usuario, Lucero enters 'Gomez' into donde escribo el apellido del usuario, Lucero enters 'San Pablo' into donde escribo la direcciÃ³n del usuario, Lucero enters 'lugomez@email.com' into donde escribo el correo electronico del usuario, Lucero enters '3124567890' into donde escribo el telefono del usuario, Lucero clicks on donde escribo el genero del usuario, Lucero clicks on donde escribo el genero del usuario, Lucero clicks on donde escribo el genero del usuario, Lucero clicks on donde escribo el genero del usuario, Lucero select C on donde selecciono el mes de nacimiento del usuario, Lucero clicks on donde escribo la ciudad donde esta ubicado el usuario, Lucero clicks on donde escribo la ciudad donde esta ubicado el usuario, Lucero select 1994 on donde selecciono el aÃ±o de nacimiento del usuario, Lucero select April on donde selecciono el dia de nacimiento del usuario, Lucero select 23 on donde selecciono el dia de nacimiento del usuario, Lucero enters 'lu123456' into donde escribo la contraseÃ±a de registro del usuario, Lucero enters 'lu123456' into donde confirmo la contraseÃ±a de registro del usuario, Lucero clicks on boton que finaliza el registro], Lucero open page [Lucero opens the Table page]], Then Lucero es una usuaria registrada [Then answer]]
[Test worker] WARN net.thucydides.core.steps.BaseStepListener - TestOutcomes: [Registro en la la aplicación:Example: {strFirstName=Lucero, strLastName=Gomez, strAddress=San Pablo, strPhone=3124567890, strSkills=C, strYearBirth=1994, strMonthBirth=April, srtDayBirth=23, strPassword=lu123456, strConfirmPassword=lu123456} [Given que Lucero quiere ingresar a la pagina Automatizacion Demo site [Lucero open up [Lucero opens the Test page]], When ingresar todas las credenciales validas del registro
| strFirstName | strLastName | strAddress | strPhone | strSkills | strYearBirth | strMonthBirth | srtDayBirth | strPassword | strConfirmPassword |
| Lucero | Gomez | San Pablo | 3124567890 | C | 1994 | April | 23 | lu123456 | lu123456 | [Lucero register [Lucero enters 'Lucero' into donde escribo el nombre del usuario, Lucero enters 'Gomez' into donde escribo el apellido del usuario, Lucero enters 'San Pablo' into donde escribo la direcciÃ³n del usuario, Lucero enters 'lugomez@email.com' into donde escribo el correo electronico del usuario, Lucero enters '3124567890' into donde escribo el telefono del usuario, Lucero clicks on donde escribo el genero del usuario, Lucero clicks on donde escribo el genero del usuario, Lucero clicks on donde escribo el genero del usuario, Lucero clicks on donde escribo el genero del usuario, Lucero select C on donde selecciono el mes de nacimiento del usuario, Lucero clicks on donde escribo la ciudad donde esta ubicado el usuario, Lucero clicks on donde escribo la ciudad donde esta ubicado el usuario, Lucero select 1994 on donde selecciono el aÃ±o de nacimiento del usuario, Lucero select April on donde selecciono el dia de nacimiento del usuario, Lucero select 23 on donde selecciono el dia de nacimiento del usuario, Lucero enters 'lu123456' into donde escribo la contraseÃ±a de registro del usuario, Lucero enters 'lu123456' into donde confirmo la contraseÃ±a de registro del usuario, Lucero clicks on boton que finaliza el registro], Lucero open page [Lucero opens the Table page]], Then Lucero es una usuaria registrada [Then answer]]]
[Test worker] WARN net.thucydides.core.steps.BaseStepListener - Final testOutcomes: [Registro en la la aplicación:Example: {strFirstName=Lucero, strLastName=Gomez, strAddress=San Pablo, strPhone=3124567890, strSkills=C, strYearBirth=1994, strMonthBirth=April, srtDayBirth=23, strPassword=lu123456, strConfirmPassword=lu123456} [Given que Lucero quiere ingresar a la pagina Automatizacion Demo site [Lucero open up [Lucero opens the Test page]], When ingresar todas las credenciales validas del registro
| strFirstName | strLastName | strAddress | strPhone | strSkills | strYearBirth | strMonthBirth | srtDayBirth | strPassword | strConfirmPassword |
| Lucero | Gomez | San Pablo | 3124567890 | C | 1994 | April | 23 | lu123456 | lu123456 | [Lucero register [Lucero enters 'Lucero' into donde escribo el nombre del usuario, Lucero enters 'Gomez' into donde escribo el apellido del usuario, Lucero enters 'San Pablo' into donde escribo la direcciÃ³n del usuario, Lucero enters 'lugomez@email.com' into donde escribo el correo electronico del usuario, Lucero enters '3124567890' into donde escribo el telefono del usuario, Lucero clicks on donde escribo el genero del usuario, Lucero clicks on donde escribo el genero del usuario, Lucero clicks on donde escribo el genero del usuario, Lucero clicks on donde escribo el genero del usuario, Lucero select C on donde selecciono el mes de nacimiento del usuario, Lucero clicks on donde escribo la ciudad donde esta ubicado el usuario, Lucero clicks on donde escribo la ciudad donde esta ubicado el usuario, Lucero select 1994 on donde selecciono el aÃ±o de nacimiento del usuario, Lucero select April on donde selecciono el dia de nacimiento del usuario, Lucero select 23 on donde selecciono el dia de nacimiento del usuario, Lucero enters 'lu123456' into donde escribo la contraseÃ±a de registro del usuario, Lucero enters 'lu123456' into donde confirmo la contraseÃ±a de registro del usuario, Lucero clicks on boton que finaliza el registro], Lucero open page [Lucero opens the Table page]], Then Lucero es una usuaria registrada [Then answer]]]
[Test worker] INFO net.thucydides.core.steps.ConsoleLoggingListener - 
        __    _____ _____ ____ _____   ____   _    ____  ____  _____ ____  
  _     \ \  |_   _| ____/ ___|_   _| |  _ \ / \  / ___|/ ___|| ____|  _ \ 
 (_)_____| |   | | |  _| \___ \ | |   | |_) / _ \ \___ \\___ \|  _| | | | |
  _|_____| |   | | | |___ ___) || |   |  __/ ___ \ ___) |___) | |___| |_| |
 (_)     | |   |_| |_____|____/ |_|   |_| /_/   \_\____/|____/|_____|____/ 
        /_/                                                                

TEST PASSED: Registro en la la aplicación
----------------------------------------------------------------------------
]]></system-err>
</testsuite>
